<?xml version="1.0" encoding="UTF-8"?>
<coverage generated="1694237430932" clover="3.2.0">
  <project timestamp="1694237430932" name="All files">
    <metrics statements="7" coveredstatements="7" conditionals="4" coveredconditionals="4" methods="3" coveredmethods="3" elements="14" coveredelements="14" complexity="0" loc="7" ncloc="7" packages="1" files="2" classes="2"/>
    <file name="App.js" path="D:\fork\txone\src\App.js">
      <metrics statements="1" coveredstatements="1" conditionals="0" coveredconditionals="0" methods="1" coveredmethods="1"/>
      <line num="7" count="4" type="stmt"/>
    </file>
    <file name="MenuBtn.jsx" path="D:\fork\txone\src\MenuBtn.jsx">
      <metrics statements="6" coveredstatements="6" conditionals="4" coveredconditionals="4" methods="2" coveredmethods="2"/>
      <line num="15" count="11" type="stmt"/>
      <line num="16" count="10" type="stmt"/>
      <line num="17" count="10" type="stmt"/>
      <line num="20" count="10" type="stmt"/>
      <line num="21" count="1" type="stmt"/>
      <line num="53" count="10" type="stmt"/>
    </file>
  </project>
</coverage>
