{"D:\\fork\\txone\\src\\App.js": {"path":"D:\\fork\\txone\\src\\App.js","statementMap":{"0":{"start":{"line":7,"column":2},"end":{"line":24,"column":4}}},"fnMap":{"0":{"name":"App","decl":{"start":{"line":6,"column":9},"end":{"line":6,"column":12}},"loc":{"start":{"line":6,"column":15},"end":{"line":25,"column":1}},"line":6}},"branchMap":{},"s":{"0":4},"f":{"0":4},"b":{},"_coverageSchema":"1a1c01bbd47fc00a2c39e90264f33305004495a9","hash":"7aa995e59057c3fb2f15716ee839d5904edf2a41"}
,"D:\\fork\\txone\\src\\MenuBtn.jsx": {"path":"D:\\fork\\txone\\src\\MenuBtn.jsx","statementMap":{"0":{"start":{"line":15,"column":36},"end":{"line":15,"column":51}},"1":{"start":{"line":16,"column":44},"end":{"line":16,"column":73}},"2":{"start":{"line":17,"column":20},"end":{"line":17,"column":32}},"3":{"start":{"line":20,"column":21},"end":{"line":22,"column":3}},"4":{"start":{"line":21,"column":4},"end":{"line":21,"column":29}},"5":{"start":{"line":53,"column":2},"end":{"line":114,"column":4}}},"fnMap":{"0":{"name":"MenuBtn","decl":{"start":{"line":14,"column":9},"end":{"line":14,"column":16}},"loc":{"start":{"line":14,"column":19},"end":{"line":115,"column":1}},"line":14},"1":{"name":"(anonymous_1)","decl":{"start":{"line":20,"column":21},"end":{"line":20,"column":22}},"loc":{"start":{"line":20,"column":27},"end":{"line":22,"column":3}},"line":20}},"branchMap":{"0":{"loc":{"start":{"line":63,"column":11},"end":{"line":63,"column":60}},"type":"cond-expr","locations":[{"start":{"line":63,"column":34},"end":{"line":63,"column":45}},{"start":{"line":63,"column":48},"end":{"line":63,"column":60}}],"line":63},"1":{"loc":{"start":{"line":66,"column":7},"end":{"line":112,"column":7}},"type":"binary-expr","locations":[{"start":{"line":66,"column":7},"end":{"line":66,"column":17}},{"start":{"line":67,"column":8},"end":{"line":111,"column":16}}],"line":66}},"s":{"0":11,"1":10,"2":10,"3":10,"4":1,"5":10},"f":{"0":11,"1":1},"b":{"0":[9,1],"1":[10,1]},"_coverageSchema":"1a1c01bbd47fc00a2c39e90264f33305004495a9","hash":"fb7e16483ee02f50bb96e58f469b622dffcde583"}
}
